Picked up JAVA_TOOL_OPTIONS: -Dfile.encoding=UTF8
[INFO] Scanning for projects...
[INFO] 
[INFO] ----------------------< io.nebula:nebula-example >----------------------
[INFO] Building Nebula Example 2.0.0-SNAPSHOT
[INFO]   from pom.xml
[INFO] --------------------------------[ jar ]---------------------------------
[INFO] 
[INFO] >>> spring-boot:3.2.0:run (default-cli) > test-compile @ nebula-example >>>
[INFO] 
[INFO] --- jacoco:0.8.11:prepare-agent (default) @ nebula-example ---
[INFO] argLine set to -javaagent:/Users/andy/.m2/repository/org/jacoco/org.jacoco.agent/0.8.11/org.jacoco.agent-0.8.11-runtime.jar=destfile=/Users/andy/DevOps/SourceCode/nebula/nebula-example/target/jacoco.exec
[INFO] 
[INFO] --- resources:3.3.1:resources (default-resources) @ nebula-example ---
[INFO] Copying 2 resources from src/main/resources to target/classes
[INFO] Copying 1 resource from src/main/resources to target/classes
[INFO] 
[INFO] --- compiler:3.11.0:compile (default-compile) @ nebula-example ---
[INFO] Nothing to compile - all classes are up to date
[INFO] 
[INFO] --- resources:3.3.1:testResources (default-testResources) @ nebula-example ---
[INFO] skip non existing resourceDirectory /Users/andy/DevOps/SourceCode/nebula/nebula-example/src/test/resources
[INFO] 
[INFO] --- compiler:3.11.0:testCompile (default-testCompile) @ nebula-example ---
[INFO] No sources to compile
[INFO] 
[INFO] <<< spring-boot:3.2.0:run (default-cli) < test-compile @ nebula-example <<<
[INFO] 
[INFO] 
[INFO] --- spring-boot:3.2.0:run (default-cli) @ nebula-example ---
[INFO] Attaching agents: []
Picked up JAVA_TOOL_OPTIONS: -Dfile.encoding=UTF8

  .   ____          _            __ _ _
 /\\ / ___'_ __ _ _(_)_ __  __ _ \ \ \ \
( ( )\___ | '_ | '_| | '_ \/ _` | \ \ \ \
 \\/  ___)| |_)| | | | | || (_| |  ) ) ) )
  '  |____| .__|_| |_|_| |_\__, | / / / /
 =========|_|==============|___/=/_/_/_/
 :: Spring Boot ::                (v3.2.0)

2025-09-17T14:52:27.653+08:00  INFO 34576 --- [nebula-example] [           main] i.n.example.NebulaExampleApplication     : Starting NebulaExampleApplication using Java 21.0.7 with PID 34576 (/Users/andy/DevOps/SourceCode/nebula/nebula-example/target/classes started by andy in /Users/andy/DevOps/SourceCode/nebula/nebula-example)
2025-09-17T14:52:27.653+08:00 DEBUG 34576 --- [nebula-example] [           main] i.n.example.NebulaExampleApplication     : Running with Spring Boot v3.2.0, Spring v6.1.0
2025-09-17T14:52:27.654+08:00  INFO 34576 --- [nebula-example] [           main] i.n.example.NebulaExampleApplication     : The following 1 profile is active: "dev"
2025-09-17T14:52:28.210+08:00  INFO 34576 --- [nebula-example] [           main] o.s.b.w.embedded.tomcat.TomcatWebServer  : Tomcat initialized with port 8080 (http)
2025-09-17T14:52:28.213+08:00  INFO 34576 --- [nebula-example] [           main] o.apache.catalina.core.StandardService   : Starting service [Tomcat]
2025-09-17T14:52:28.213+08:00  INFO 34576 --- [nebula-example] [           main] o.apache.catalina.core.StandardEngine    : Starting Servlet engine: [Apache Tomcat/10.1.16]
2025-09-17T14:52:28.236+08:00  INFO 34576 --- [nebula-example] [           main] o.a.c.c.C.[Tomcat].[localhost].[/]       : Initializing Spring embedded WebApplicationContext
2025-09-17T14:52:28.236+08:00  INFO 34576 --- [nebula-example] [           main] w.s.c.ServletWebServerApplicationContext : Root WebApplicationContext: initialization completed in 567 ms
Logging initialized using 'class org.apache.ibatis.logging.stdout.StdOutImpl' adapter.
2025-09-17T14:52:28.390+08:00 DEBUG 34576 --- [nebula-example] [           main] c.b.m.e.s.MybatisSqlSessionFactoryBean   : Property 'mapperLocations' was not specified.
Get /192.168.111.200 network interface 
Get network interface info: name:feth1337 (feth1337)
Initialization Sequence datacenterId:12 workerId:18
 _ _   |_  _ _|_. ___ _ |    _ 
| | |\/|_)(_| | |_\  |_)||_|_\ 
     /               |         
                        3.5.12 
2025-09-17T14:52:28.554+08:00  WARN 34576 --- [nebula-example] [           main] .s.s.UserDetailsServiceAutoConfiguration : 

Using generated security password: b44be265-ffca-4dd0-a4b3-6154b8f45a8b

This generated password is for development use only. Your security configuration must be updated before running your application in production.

2025-09-17T14:52:28.730+08:00  INFO 34576 --- [nebula-example] [           main] o.s.b.a.e.web.EndpointLinksResolver      : Exposing 1 endpoint(s) beneath base path '/actuator'
2025-09-17T14:52:28.741+08:00  INFO 34576 --- [nebula-example] [           main] o.s.s.web.DefaultSecurityFilterChain     : Will secure any request with [org.springframework.security.web.session.DisableEncodeUrlFilter@bd28c86, org.springframework.security.web.context.request.async.WebAsyncManagerIntegrationFilter@3ef089ce, org.springframework.security.web.context.SecurityContextHolderFilter@af9dd34, org.springframework.security.web.header.HeaderWriterFilter@6339e604, org.springframework.web.filter.CorsFilter@3340ce58, org.springframework.security.web.authentication.logout.LogoutFilter@2110684a, org.springframework.security.web.savedrequest.RequestCacheAwareFilter@283bb8b7, org.springframework.security.web.servletapi.SecurityContextHolderAwareRequestFilter@7c9ea1d0, org.springframework.security.web.authentication.AnonymousAuthenticationFilter@14499b52, org.springframework.security.web.access.ExceptionTranslationFilter@670a4738, org.springframework.security.web.access.intercept.AuthorizationFilter@5a57cf90]
2025-09-17T14:52:28.810+08:00  INFO 34576 --- [nebula-example] [           main] m.e.s.MybatisPlusApplicationContextAware : Register ApplicationContext instances org.springframework.boot.web.servlet.context.AnnotationConfigServletWebServerApplicationContext@6ce86ce1
2025-09-17T14:52:28.940+08:00  INFO 34576 --- [nebula-example] [           main] o.s.b.w.embedded.tomcat.TomcatWebServer  : Tomcat started on port 8080 (http) with context path ''
2025-09-17T14:52:28.947+08:00  INFO 34576 --- [nebula-example] [           main] i.n.example.NebulaExampleApplication     : Started NebulaExampleApplication in 1.428 seconds (process running for 1.532)
2025-09-17T14:52:28.970+08:00  INFO 34576 --- [nebula-example] [           main] i.n.example.config.ExampleConfiguration  : Nebula示例应用启动完成！
2025-09-17T14:52:28.970+08:00  INFO 34576 --- [nebula-example] [           main] i.n.example.config.ExampleConfiguration  : 应用已成功启动，可以通过 http://localhost:8080 访问
2025-09-17T14:52:53.041+08:00  INFO 34576 --- [nebula-example] [nio-8080-exec-1] o.a.c.c.C.[Tomcat].[localhost].[/]       : Initializing Spring DispatcherServlet 'dispatcherServlet'
2025-09-17T14:52:53.042+08:00  INFO 34576 --- [nebula-example] [nio-8080-exec-1] o.s.web.servlet.DispatcherServlet        : Initializing Servlet 'dispatcherServlet'
2025-09-17T14:52:53.042+08:00  INFO 34576 --- [nebula-example] [nio-8080-exec-1] o.s.web.servlet.DispatcherServlet        : Completed initialization in 0 ms
2025-09-17T14:52:53.051+08:00  WARN 34576 --- [nebula-example] [nio-8080-exec-1] o.s.w.s.h.HandlerMappingIntrospector     : Cache miss for REQUEST dispatch to '/api/health' (previous null). Performing CorsConfiguration lookup. This is logged once only at WARN level, and every time at TRACE.
2025-09-17T14:52:58.876+08:00  INFO 34576 --- [nebula-example] [nio-8080-exec-2] i.n.example.controller.UserController    : 获取所有用户列表
2025-09-17T14:52:58.876+08:00 DEBUG 34576 --- [nebula-example] [nio-8080-exec-2] i.n.e.service.impl.UserServiceImpl       : 获取所有用户
Creating a new SqlSession
SqlSession [org.apache.ibatis.session.defaults.DefaultSqlSession@77ffa6d] was not registered for synchronization because synchronization is not active
2025-09-17T14:52:58.919+08:00  INFO 34576 --- [nebula-example] [nio-8080-exec-2] com.alibaba.druid.pool.DruidDataSource   : {dataSource-1} inited
JDBC Connection [com.alibaba.druid.pool.DruidStatementConnection@66dec7ec] will not be managed by Spring
==>  Preparing: SELECT id,username,password,email,real_name,phone,status,role,avatar_url,last_login_time,last_login_ip,created_at,updated_at,version,deleted FROM users WHERE deleted=0
==> Parameters: 
<==    Columns: id, username, password, email, real_name, phone, status, role, avatar_url, last_login_time, last_login_ip, created_at, updated_at, version, deleted
<==        Row: 1, admin, $2a$10$N.zmdr9k7uOCQb376NoUnuTJ8iYqiSfFVUIHHgkgOTEP5tQm9cRJG, admin@example.com, 管理员, 13800138000, 1, ADMIN, null, null, null, 2025-09-17 11:11:50, 2025-09-17 11:11:50, 1, 0
<==        Row: 2, user1, $2a$10$N.zmdr9k7uOCQb376NoUnuTJ8iYqiSfFVUIHHgkgOTEP5tQm9cRJG, user1@example.com, 用户1, 13800138001, 1, USER, null, null, null, 2025-09-17 11:11:50, 2025-09-17 11:11:50, 1, 0
<==        Row: 3, user2, $2a$10$N.zmdr9k7uOCQb376NoUnuTJ8iYqiSfFVUIHHgkgOTEP5tQm9cRJG, user2@example.com, 用户2, 13800138002, 1, USER, null, null, null, 2025-09-17 11:11:50, 2025-09-17 11:11:50, 1, 0
<==        Row: 4, user3, $2a$10$N.zmdr9k7uOCQb376NoUnuTJ8iYqiSfFVUIHHgkgOTEP5tQm9cRJG, user3@example.com, 用户3, 13800138003, 0, USER, null, null, null, 2025-09-17 11:11:50, 2025-09-17 11:11:50, 1, 0
<==      Total: 4
Closing non transactional SqlSession [org.apache.ibatis.session.defaults.DefaultSqlSession@77ffa6d]
2025-09-17T14:53:05.819+08:00  INFO 34576 --- [nebula-example] [nio-8080-exec-4] i.n.example.controller.UserController    : 获取用户详情，ID: 1
2025-09-17T14:53:05.819+08:00 DEBUG 34576 --- [nebula-example] [nio-8080-exec-4] i.n.e.service.impl.UserServiceImpl       : 根据ID获取用户: 1
Creating a new SqlSession
SqlSession [org.apache.ibatis.session.defaults.DefaultSqlSession@4bb45ba] was not registered for synchronization because synchronization is not active
JDBC Connection [com.alibaba.druid.pool.DruidStatementConnection@66dec7ec] will not be managed by Spring
==>  Preparing: SELECT id,username,password,email,real_name,phone,status,role,avatar_url,last_login_time,last_login_ip,created_at,updated_at,version,deleted FROM users WHERE id=? AND deleted=0
==> Parameters: 1(Long)
<==    Columns: id, username, password, email, real_name, phone, status, role, avatar_url, last_login_time, last_login_ip, created_at, updated_at, version, deleted
<==        Row: 1, admin, $2a$10$N.zmdr9k7uOCQb376NoUnuTJ8iYqiSfFVUIHHgkgOTEP5tQm9cRJG, admin@example.com, 管理员, 13800138000, 1, ADMIN, null, null, null, 2025-09-17 11:11:50, 2025-09-17 11:11:50, 1, 0
<==      Total: 1
Closing non transactional SqlSession [org.apache.ibatis.session.defaults.DefaultSqlSession@4bb45ba]
2025-09-17T14:53:12.000+08:00  INFO 34576 --- [nebula-example] [nio-8080-exec-6] i.n.e.controller.UserRpcController       : RPC端点: 获取所有用户
2025-09-17T14:53:12.000+08:00  INFO 34576 --- [nebula-example] [nio-8080-exec-6] i.n.example.rpc.impl.UserRpcServiceImpl  : RPC调用: 获取所有用户
2025-09-17T14:53:12.000+08:00 DEBUG 34576 --- [nebula-example] [nio-8080-exec-6] i.n.e.service.impl.UserServiceImpl       : 获取所有用户
Creating a new SqlSession
SqlSession [org.apache.ibatis.session.defaults.DefaultSqlSession@c777fff] was not registered for synchronization because synchronization is not active
JDBC Connection [com.alibaba.druid.pool.DruidStatementConnection@66dec7ec] will not be managed by Spring
==>  Preparing: SELECT id,username,password,email,real_name,phone,status,role,avatar_url,last_login_time,last_login_ip,created_at,updated_at,version,deleted FROM users WHERE deleted=0
==> Parameters: 
<==    Columns: id, username, password, email, real_name, phone, status, role, avatar_url, last_login_time, last_login_ip, created_at, updated_at, version, deleted
<==        Row: 1, admin, $2a$10$N.zmdr9k7uOCQb376NoUnuTJ8iYqiSfFVUIHHgkgOTEP5tQm9cRJG, admin@example.com, 管理员, 13800138000, 1, ADMIN, null, null, null, 2025-09-17 11:11:50, 2025-09-17 11:11:50, 1, 0
<==        Row: 2, user1, $2a$10$N.zmdr9k7uOCQb376NoUnuTJ8iYqiSfFVUIHHgkgOTEP5tQm9cRJG, user1@example.com, 用户1, 13800138001, 1, USER, null, null, null, 2025-09-17 11:11:50, 2025-09-17 11:11:50, 1, 0
<==        Row: 3, user2, $2a$10$N.zmdr9k7uOCQb376NoUnuTJ8iYqiSfFVUIHHgkgOTEP5tQm9cRJG, user2@example.com, 用户2, 13800138002, 1, USER, null, null, null, 2025-09-17 11:11:50, 2025-09-17 11:11:50, 1, 0
<==        Row: 4, user3, $2a$10$N.zmdr9k7uOCQb376NoUnuTJ8iYqiSfFVUIHHgkgOTEP5tQm9cRJG, user3@example.com, 用户3, 13800138003, 0, USER, null, null, null, 2025-09-17 11:11:50, 2025-09-17 11:11:50, 1, 0
<==      Total: 4
Closing non transactional SqlSession [org.apache.ibatis.session.defaults.DefaultSqlSession@c777fff]
2025-09-17T14:53:16.784+08:00  INFO 34576 --- [nebula-example] [nio-8080-exec-8] i.n.example.controller.TestController    : 测试成功响应
